build/app/intermediates/manifest_merge_blame_file/debug/manifest-merger-blame-debug-report.txt
1<?xml version="1.0" encoding="utf-8"?>
2<manifest xmlns:android="http://schemas.android.com/apk/res/android"
3    package="com.example.trend"
4    android:versionCode="1"
5    android:versionName="0.0.1" >
6
7    <uses-sdk
8        android:minSdkVersion="21"
9        android:targetSdkVersion="35" />
10    <!--
11         The INTERNET permission is required for development. Specifically,
12         the Flutter tool needs it to communicate with the running application
13         to allow setting breakpoints, to provide hot reload, etc.
14    -->
15    <uses-permission android:name="android.permission.INTERNET" />
15-->src\main\AndroidManifest.xml:2:5-67
15-->src\main\AndroidManifest.xml:2:22-64
16    <uses-permission android:name="android.permission.CAMERA" />
16-->src\main\AndroidManifest.xml:3:5-65
16-->src\main\AndroidManifest.xml:3:22-62
17    <uses-permission android:name="android.permission.READ_MEDIA_IMAGES" /> <!-- Required to query activities that can process text -->
17-->src\main\AndroidManifest.xml:4:5-76
17-->src\main\AndroidManifest.xml:4:22-73
18    <queries>
18-->src\main\AndroidManifest.xml:44:5-49:15
19        <intent>
19-->src\main\AndroidManifest.xml:45:9-48:18
20            <action android:name="android.intent.action.PROCESS_TEXT" />
20-->src\main\AndroidManifest.xml:46:13-72
20-->src\main\AndroidManifest.xml:46:21-70
21
22            <data android:mimeType="text/plain" />
22-->src\main\AndroidManifest.xml:47:13-50
22-->src\main\AndroidManifest.xml:47:19-48
23        </intent>
24        <!-- Needs to be explicitly declared on Android R+ -->
25        <package android:name="com.google.android.apps.maps" />
25-->[com.google.android.gms:play-services-maps:18.2.0] AndroidManifest.xml:33:9-64
25-->[com.google.android.gms:play-services-maps:18.2.0] AndroidManifest.xml:33:18-61
26    </queries>
27
28    <uses-permission android:name="android.permission.ACCESS_NETWORK_STATE" />
28-->[:connectivity_plus] AndroidManifest.xml:7:5-79
28-->[:connectivity_plus] AndroidManifest.xml:7:22-76
29    <uses-permission android:name="android.permission.ACCESS_COARSE_LOCATION" />
29-->[:location] AndroidManifest.xml:7:5-81
29-->[:location] AndroidManifest.xml:7:22-78
30    <uses-permission android:name="android.permission.ACCESS_FINE_LOCATION" />
30-->[:location] AndroidManifest.xml:8:5-79
30-->[:location] AndroidManifest.xml:8:22-76
31
32    <uses-feature
32-->[com.google.android.gms:play-services-maps:18.2.0] AndroidManifest.xml:26:5-28:35
33        android:glEsVersion="0x00020000"
33-->[com.google.android.gms:play-services-maps:18.2.0] AndroidManifest.xml:27:9-41
34        android:required="true" />
34-->[com.google.android.gms:play-services-maps:18.2.0] AndroidManifest.xml:28:9-32
35
36    <permission
36-->[androidx.core:core:1.13.1] AndroidManifest.xml:22:5-24:47
37        android:name="com.example.trend.DYNAMIC_RECEIVER_NOT_EXPORTED_PERMISSION"
37-->[androidx.core:core:1.13.1] AndroidManifest.xml:23:9-81
38        android:protectionLevel="signature" />
38-->[androidx.core:core:1.13.1] AndroidManifest.xml:24:9-44
39
40    <uses-permission android:name="com.example.trend.DYNAMIC_RECEIVER_NOT_EXPORTED_PERMISSION" />
40-->[androidx.core:core:1.13.1] AndroidManifest.xml:26:5-97
40-->[androidx.core:core:1.13.1] AndroidManifest.xml:26:22-94
41
42    <application
43        android:name="android.app.Application"
44        android:appComponentFactory="androidx.core.app.CoreComponentFactory"
44-->[androidx.core:core:1.13.1] AndroidManifest.xml:28:18-86
45        android:debuggable="true"
46        android:extractNativeLibs="true"
47        android:icon="@mipmap/ic_launcher"
48        android:label="trend"
49        android:usesCleartextTraffic="true" >
50        <activity
51            android:name="com.yalantis.ucrop.UCropActivity"
52            android:screenOrientation="portrait"
53            android:theme="@style/Theme.AppCompat.Light.NoActionBar" />
54        <activity
55            android:name="com.example.trend.MainActivity"
56            android:configChanges="orientation|keyboardHidden|keyboard|screenSize|smallestScreenSize|locale|layoutDirection|fontScale|screenLayout|density|uiMode"
57            android:exported="true"
58            android:hardwareAccelerated="true"
59            android:launchMode="singleTop"
60            android:theme="@style/LaunchTheme"
61            android:windowSoftInputMode="adjustResize" >
62            <meta-data
63                android:name="io.flutter.embedding.android.NormalTheme"
64                android:resource="@style/NormalTheme" />
65
66            <intent-filter>
67                <action android:name="android.intent.action.MAIN" />
68
69                <category android:name="android.intent.category.LAUNCHER" />
70            </intent-filter>
71        </activity>
72
73        <!--
74             Don't delete the meta-data below.
75             This is used by the Flutter tool to generate GeneratedPluginRegistrant.java
76        -->
77        <meta-data
78            android:name="flutterEmbedding"
79            android:value="2" />
80
81        <provider
81-->[:image_picker_android] AndroidManifest.xml:9:9-17:20
82            android:name="io.flutter.plugins.imagepicker.ImagePickerFileProvider"
82-->[:image_picker_android] AndroidManifest.xml:10:13-82
83            android:authorities="com.example.trend.flutter.image_provider"
83-->[:image_picker_android] AndroidManifest.xml:11:13-74
84            android:exported="false"
84-->[:image_picker_android] AndroidManifest.xml:12:13-37
85            android:grantUriPermissions="true" >
85-->[:image_picker_android] AndroidManifest.xml:13:13-47
86            <meta-data
86-->[:image_picker_android] AndroidManifest.xml:14:13-16:75
87                android:name="android.support.FILE_PROVIDER_PATHS"
87-->[:image_picker_android] AndroidManifest.xml:15:17-67
88                android:resource="@xml/flutter_image_picker_file_paths" />
88-->[:image_picker_android] AndroidManifest.xml:16:17-72
89        </provider> <!-- Trigger Google Play services to install the backported photo picker module. -->
90        <service
90-->[:image_picker_android] AndroidManifest.xml:19:9-31:19
91            android:name="com.google.android.gms.metadata.ModuleDependencies"
91-->[:image_picker_android] AndroidManifest.xml:20:13-78
92            android:enabled="false"
92-->[:image_picker_android] AndroidManifest.xml:21:13-36
93            android:exported="false" >
93-->[:image_picker_android] AndroidManifest.xml:22:13-37
94            <intent-filter>
94-->[:image_picker_android] AndroidManifest.xml:24:13-26:29
95                <action android:name="com.google.android.gms.metadata.MODULE_DEPENDENCIES" />
95-->[:image_picker_android] AndroidManifest.xml:25:17-94
95-->[:image_picker_android] AndroidManifest.xml:25:25-91
96            </intent-filter>
97
98            <meta-data
98-->[:image_picker_android] AndroidManifest.xml:28:13-30:36
99                android:name="photopicker_activity:0:required"
99-->[:image_picker_android] AndroidManifest.xml:29:17-63
100                android:value="" />
100-->[:image_picker_android] AndroidManifest.xml:30:17-33
101        </service>
102        <service
102-->[:geolocator_android] AndroidManifest.xml:8:9-12:56
103            android:name="com.baseflow.geolocator.GeolocatorLocationService"
103-->[:geolocator_android] AndroidManifest.xml:9:13-77
104            android:enabled="true"
104-->[:geolocator_android] AndroidManifest.xml:10:13-35
105            android:exported="false"
105-->[:geolocator_android] AndroidManifest.xml:11:13-37
106            android:foregroundServiceType="location" />
106-->[:geolocator_android] AndroidManifest.xml:12:13-53
107        <service
107-->[:location] AndroidManifest.xml:11:9-15:56
108            android:name="com.lyokone.location.FlutterLocationService"
108-->[:location] AndroidManifest.xml:12:13-71
109            android:enabled="true"
109-->[:location] AndroidManifest.xml:13:13-35
110            android:exported="false"
110-->[:location] AndroidManifest.xml:14:13-37
111            android:foregroundServiceType="location" />
111-->[:location] AndroidManifest.xml:15:13-53
112        <!--
113           Declares a provider which allows us to store files to share in
114           '.../caches/share_plus' and grant the receiving action access
115        -->
116        <provider
116-->[:share_plus] AndroidManifest.xml:13:9-21:20
117            android:name="dev.fluttercommunity.plus.share.ShareFileProvider"
117-->[:share_plus] AndroidManifest.xml:14:13-77
118            android:authorities="com.example.trend.flutter.share_provider"
118-->[:share_plus] AndroidManifest.xml:15:13-74
119            android:exported="false"
119-->[:share_plus] AndroidManifest.xml:16:13-37
120            android:grantUriPermissions="true" >
120-->[:share_plus] AndroidManifest.xml:17:13-47
121            <meta-data
121-->[:image_picker_android] AndroidManifest.xml:14:13-16:75
122                android:name="android.support.FILE_PROVIDER_PATHS"
122-->[:image_picker_android] AndroidManifest.xml:15:17-67
123                android:resource="@xml/flutter_share_file_paths" />
123-->[:image_picker_android] AndroidManifest.xml:16:17-72
124        </provider>
125        <!--
126           This manifest declared broadcast receiver allows us to use an explicit
127           Intent when creating a PendingItent to be informed of the user's choice
128        -->
129        <receiver
129-->[:share_plus] AndroidManifest.xml:26:9-32:20
130            android:name="dev.fluttercommunity.plus.share.SharePlusPendingIntent"
130-->[:share_plus] AndroidManifest.xml:27:13-82
131            android:exported="false" >
131-->[:share_plus] AndroidManifest.xml:28:13-37
132            <intent-filter>
132-->[:share_plus] AndroidManifest.xml:29:13-31:29
133                <action android:name="EXTRA_CHOSEN_COMPONENT" />
133-->[:share_plus] AndroidManifest.xml:30:17-65
133-->[:share_plus] AndroidManifest.xml:30:25-62
134            </intent-filter>
135        </receiver>
136
137        <activity
137-->[:url_launcher_android] AndroidManifest.xml:8:9-11:74
138            android:name="io.flutter.plugins.urllauncher.WebViewActivity"
138-->[:url_launcher_android] AndroidManifest.xml:9:13-74
139            android:exported="false"
139-->[:url_launcher_android] AndroidManifest.xml:10:13-37
140            android:theme="@android:style/Theme.NoTitleBar.Fullscreen" /> <!-- Needs to be explicitly declared on P+ -->
140-->[:url_launcher_android] AndroidManifest.xml:11:13-71
141        <uses-library
141-->[com.google.android.gms:play-services-maps:18.2.0] AndroidManifest.xml:39:9-41:40
142            android:name="org.apache.http.legacy"
142-->[com.google.android.gms:play-services-maps:18.2.0] AndroidManifest.xml:40:13-50
143            android:required="false" />
143-->[com.google.android.gms:play-services-maps:18.2.0] AndroidManifest.xml:41:13-37
144
145        <activity
145-->[com.google.android.gms:play-services-auth:21.2.0] AndroidManifest.xml:23:9-27:75
146            android:name="com.google.android.gms.auth.api.signin.internal.SignInHubActivity"
146-->[com.google.android.gms:play-services-auth:21.2.0] AndroidManifest.xml:24:13-93
147            android:excludeFromRecents="true"
147-->[com.google.android.gms:play-services-auth:21.2.0] AndroidManifest.xml:25:13-46
148            android:exported="false"
148-->[com.google.android.gms:play-services-auth:21.2.0] AndroidManifest.xml:26:13-37
149            android:theme="@android:style/Theme.Translucent.NoTitleBar" />
149-->[com.google.android.gms:play-services-auth:21.2.0] AndroidManifest.xml:27:13-72
150        <!--
151            Service handling Google Sign-In user revocation. For apps that do not integrate with
152            Google Sign-In, this service will never be started.
153        -->
154        <service
154-->[com.google.android.gms:play-services-auth:21.2.0] AndroidManifest.xml:33:9-37:51
155            android:name="com.google.android.gms.auth.api.signin.RevocationBoundService"
155-->[com.google.android.gms:play-services-auth:21.2.0] AndroidManifest.xml:34:13-89
156            android:exported="true"
156-->[com.google.android.gms:play-services-auth:21.2.0] AndroidManifest.xml:35:13-36
157            android:permission="com.google.android.gms.auth.api.signin.permission.REVOCATION_NOTIFICATION"
157-->[com.google.android.gms:play-services-auth:21.2.0] AndroidManifest.xml:36:13-107
158            android:visibleToInstantApps="true" />
158-->[com.google.android.gms:play-services-auth:21.2.0] AndroidManifest.xml:37:13-48
159
160        <activity
160-->[com.google.android.gms:play-services-base:18.5.0] AndroidManifest.xml:5:9-173
161            android:name="com.google.android.gms.common.api.GoogleApiActivity"
161-->[com.google.android.gms:play-services-base:18.5.0] AndroidManifest.xml:5:19-85
162            android:exported="false"
162-->[com.google.android.gms:play-services-base:18.5.0] AndroidManifest.xml:5:146-170
163            android:theme="@android:style/Theme.Translucent.NoTitleBar" />
163-->[com.google.android.gms:play-services-base:18.5.0] AndroidManifest.xml:5:86-145
164
165        <meta-data
165-->[com.google.android.gms:play-services-basement:18.4.0] AndroidManifest.xml:6:9-122
166            android:name="com.google.android.gms.version"
166-->[com.google.android.gms:play-services-basement:18.4.0] AndroidManifest.xml:6:20-65
167            android:value="@integer/google_play_services_version" />
167-->[com.google.android.gms:play-services-basement:18.4.0] AndroidManifest.xml:6:66-119
168
169        <uses-library
169-->[androidx.window:window:1.2.0] AndroidManifest.xml:23:9-25:40
170            android:name="androidx.window.extensions"
170-->[androidx.window:window:1.2.0] AndroidManifest.xml:24:13-54
171            android:required="false" />
171-->[androidx.window:window:1.2.0] AndroidManifest.xml:25:13-37
172        <uses-library
172-->[androidx.window:window:1.2.0] AndroidManifest.xml:26:9-28:40
173            android:name="androidx.window.sidecar"
173-->[androidx.window:window:1.2.0] AndroidManifest.xml:27:13-51
174            android:required="false" />
174-->[androidx.window:window:1.2.0] AndroidManifest.xml:28:13-37
175
176        <provider
176-->[androidx.emoji2:emoji2:1.2.0] AndroidManifest.xml:24:9-32:20
177            android:name="androidx.startup.InitializationProvider"
177-->[androidx.emoji2:emoji2:1.2.0] AndroidManifest.xml:25:13-67
178            android:authorities="com.example.trend.androidx-startup"
178-->[androidx.emoji2:emoji2:1.2.0] AndroidManifest.xml:26:13-68
179            android:exported="false" >
179-->[androidx.emoji2:emoji2:1.2.0] AndroidManifest.xml:27:13-37
180            <meta-data
180-->[androidx.emoji2:emoji2:1.2.0] AndroidManifest.xml:29:13-31:52
181                android:name="androidx.emoji2.text.EmojiCompatInitializer"
181-->[androidx.emoji2:emoji2:1.2.0] AndroidManifest.xml:30:17-75
182                android:value="androidx.startup" />
182-->[androidx.emoji2:emoji2:1.2.0] AndroidManifest.xml:31:17-49
183            <meta-data
183-->[androidx.lifecycle:lifecycle-process:2.7.0] AndroidManifest.xml:29:13-31:52
184                android:name="androidx.lifecycle.ProcessLifecycleInitializer"
184-->[androidx.lifecycle:lifecycle-process:2.7.0] AndroidManifest.xml:30:17-78
185                android:value="androidx.startup" />
185-->[androidx.lifecycle:lifecycle-process:2.7.0] AndroidManifest.xml:31:17-49
186            <meta-data
186-->[androidx.profileinstaller:profileinstaller:1.3.1] AndroidManifest.xml:29:13-31:52
187                android:name="androidx.profileinstaller.ProfileInstallerInitializer"
187-->[androidx.profileinstaller:profileinstaller:1.3.1] AndroidManifest.xml:30:17-85
188                android:value="androidx.startup" />
188-->[androidx.profileinstaller:profileinstaller:1.3.1] AndroidManifest.xml:31:17-49
189        </provider>
190
191        <receiver
191-->[androidx.profileinstaller:profileinstaller:1.3.1] AndroidManifest.xml:34:9-52:20
192            android:name="androidx.profileinstaller.ProfileInstallReceiver"
192-->[androidx.profileinstaller:profileinstaller:1.3.1] AndroidManifest.xml:35:13-76
193            android:directBootAware="false"
193-->[androidx.profileinstaller:profileinstaller:1.3.1] AndroidManifest.xml:36:13-44
194            android:enabled="true"
194-->[androidx.profileinstaller:profileinstaller:1.3.1] AndroidManifest.xml:37:13-35
195            android:exported="true"
195-->[androidx.profileinstaller:profileinstaller:1.3.1] AndroidManifest.xml:38:13-36
196            android:permission="android.permission.DUMP" >
196-->[androidx.profileinstaller:profileinstaller:1.3.1] AndroidManifest.xml:39:13-57
197            <intent-filter>
197-->[androidx.profileinstaller:profileinstaller:1.3.1] AndroidManifest.xml:40:13-42:29
198                <action android:name="androidx.profileinstaller.action.INSTALL_PROFILE" />
198-->[androidx.profileinstaller:profileinstaller:1.3.1] AndroidManifest.xml:41:17-91
198-->[androidx.profileinstaller:profileinstaller:1.3.1] AndroidManifest.xml:41:25-88
199            </intent-filter>
200            <intent-filter>
200-->[androidx.profileinstaller:profileinstaller:1.3.1] AndroidManifest.xml:43:13-45:29
201                <action android:name="androidx.profileinstaller.action.SKIP_FILE" />
201-->[androidx.profileinstaller:profileinstaller:1.3.1] AndroidManifest.xml:44:17-85
201-->[androidx.profileinstaller:profileinstaller:1.3.1] AndroidManifest.xml:44:25-82
202            </intent-filter>
203            <intent-filter>
203-->[androidx.profileinstaller:profileinstaller:1.3.1] AndroidManifest.xml:46:13-48:29
204                <action android:name="androidx.profileinstaller.action.SAVE_PROFILE" />
204-->[androidx.profileinstaller:profileinstaller:1.3.1] AndroidManifest.xml:47:17-88
204-->[androidx.profileinstaller:profileinstaller:1.3.1] AndroidManifest.xml:47:25-85
205            </intent-filter>
206            <intent-filter>
206-->[androidx.profileinstaller:profileinstaller:1.3.1] AndroidManifest.xml:49:13-51:29
207                <action android:name="androidx.profileinstaller.action.BENCHMARK_OPERATION" />
207-->[androidx.profileinstaller:profileinstaller:1.3.1] AndroidManifest.xml:50:17-95
207-->[androidx.profileinstaller:profileinstaller:1.3.1] AndroidManifest.xml:50:25-92
208            </intent-filter>
209        </receiver>
210    </application>
211
212</manifest>